[2022-07-04T21:01:01.487] [INFO] archivo - GET /2323232
[2022-07-04T21:01:11.401] [INFO] archivo - GET /login
[2022-07-04T21:05:12.209] [INFO] archivo - GET /lfsdfsdfs
[2022-07-04T21:05:55.056] [INFO] archivo - GET /lfsdfsdfs
[2022-07-04T21:06:37.206] [INFO] archivo - GET /lfsdfsdfs
[2022-07-04T21:06:45.279] [INFO] archivo - GET /login
[2022-07-04T21:07:53.577] [INFO] archivo - GET /login
[2022-07-04T21:08:35.167] [INFO] archivo - GET /login
[2022-07-04T21:08:43.653] [INFO] archivo - GET /fghfg
[2022-07-04T21:09:04.597] [INFO] archivo - GET /login
[2022-07-04T21:09:12.424] [INFO] archivo - POST /login
[2022-07-04T21:09:12.516] [INFO] archivo - GET /faillogin
[2022-07-04T21:09:15.688] [INFO] archivo - GET /login
[2022-07-04T21:09:16.788] [INFO] archivo - GET /signup
[2022-07-04T21:09:30.451] [INFO] archivo - POST /signup
[2022-07-04T21:09:30.460] [INFO] archivo - GET /failsignup
[2022-07-04T21:09:36.526] [INFO] archivo - GET /login
[2022-07-04T21:09:43.424] [INFO] archivo - GET /signup
[2022-07-04T21:10:16.528] [INFO] archivo - POST /signup
[2022-07-04T21:10:16.658] [INFO] archivo - GET /login
[2022-07-04T21:10:35.084] [INFO] archivo - GET /asdasdasd
[2022-07-04T21:12:18.384] [INFO] archivo - GET /asdad
[2022-07-04T21:13:14.447] [INFO] archivo - GET /asdasd
[2022-07-04T21:13:34.944] [INFO] archivo - GET /sdfds
[2022-07-04T21:15:53.394] [INFO] archivo - GET /werwer
[2022-07-04T21:16:11.211] [INFO] archivo - GET /ewrwer
